        -:    0:Source:dominion.c
        -:    0:Graph:dominion.gcno
        -:    0:Data:dominion.gcda
        -:    0:Runs:8
        -:    0:Programs:8
        -:    1:#include "dominion.h"
        -:    2:#include "dominion_helpers.h"
        -:    3:#include "rngs.h"
        -:    4:#include <stdio.h>
        -:    5:#include <math.h>
        -:    6:#include <stdlib.h>
        -:    7:
     2043:    8:int compare(const void* a, const void* b) {
     2043:    9:  if (*(int*)a > *(int*)b)
        1:   10:    return 1;
     2042:   11:  if (*(int*)a < *(int*)b)
      545:   12:    return -1;
     1497:   13:  return 0;
        -:   14:}
        -:   15:
    #####:   16:struct gameState* newGame() {
    #####:   17:  struct gameState* g = malloc(sizeof(struct gameState));
    #####:   18:  return g;
        -:   19:}
        -:   20:
        2:   21:int* kingdomCards(int k1, int k2, int k3, int k4, int k5, int k6, int k7,
        -:   22:		  int k8, int k9, int k10) {
        2:   23:  int* k = malloc(10 * sizeof(int));
        2:   24:  k[0] = k1;
        2:   25:  k[1] = k2;
        2:   26:  k[2] = k3;
        2:   27:  k[3] = k4;
        2:   28:  k[4] = k5;
        2:   29:  k[5] = k6;
        2:   30:  k[6] = k7;
        2:   31:  k[7] = k8;
        2:   32:  k[8] = k9;
        2:   33:  k[9] = k10;
        2:   34:  return k;
        -:   35:}
        -:   36:
       68:   37:int initializeGame(int numPlayers, int kingdomCards[10], int randomSeed,
        -:   38:		   struct gameState *state) {
        -:   39:
        -:   40:  int i;
        -:   41:  int j;
        -:   42:  int it;			
        -:   43:  //set up random number generator
       68:   44:  SelectStream(1);
       68:   45:  PutSeed((long)randomSeed);
        -:   46:  
        -:   47:  //check number of players
       68:   48:  if (numPlayers > MAX_PLAYERS || numPlayers < 2)
        -:   49:    {
    #####:   50:      return -1;
        -:   51:    }
        -:   52:
        -:   53:  //set number of players
       68:   54:  state->numPlayers = numPlayers;
        -:   55:
        -:   56:  //check selected kingdom cards are different
      748:   57:  for (i = 0; i < 10; i++)
        -:   58:    {
     7480:   59:      for (j = 0; j < 10; j++)
        -:   60:        {
     6800:   61:	  if (j != i && kingdomCards[j] == kingdomCards[i])
        -:   62:	    {
    #####:   63:	      return -1;
        -:   64:	    }
        -:   65:        }
        -:   66:    }
        -:   67:
        -:   68:
        -:   69:  //initialize supply
        -:   70:  ///////////////////////////////
        -:   71:
        -:   72:  //set number of Curse cards
       68:   73:  if (numPlayers == 2)
        -:   74:    {
       68:   75:      state->supplyCount[curse] = 10;
        -:   76:    }
    #####:   77:  else if (numPlayers == 3)
        -:   78:    {
    #####:   79:      state->supplyCount[curse] = 20;
        -:   80:    }
        -:   81:  else
        -:   82:    {
    #####:   83:      state->supplyCount[curse] = 30;
        -:   84:    }
        -:   85:
        -:   86:  //set number of Victory cards
       68:   87:  if (numPlayers == 2)
        -:   88:    {
       68:   89:      state->supplyCount[estate] = 8;
       68:   90:      state->supplyCount[duchy] = 8;
       68:   91:      state->supplyCount[province] = 8;
        -:   92:    }
        -:   93:  else
        -:   94:    {
    #####:   95:      state->supplyCount[estate] = 12;
    #####:   96:      state->supplyCount[duchy] = 12;
    #####:   97:      state->supplyCount[province] = 12;
        -:   98:    }
        -:   99:
        -:  100:  //set number of Treasure cards
       68:  101:  state->supplyCount[copper] = 60 - (7 * numPlayers);
       68:  102:  state->supplyCount[silver] = 40;
       68:  103:  state->supplyCount[gold] = 30;
        -:  104:
        -:  105:  //set number of Kingdom cards
     1428:  106:  for (i = adventurer; i <= treasure_map; i++)       	//loop all cards
        -:  107:    {
    11220:  108:      for (j = 0; j < 10; j++)           		//loop chosen cards
        -:  109:	{
    10540:  110:	  if (kingdomCards[j] == i)
        -:  111:	    {
        -:  112:	      //check if card is a 'Victory' Kingdom card
      680:  113:	      if (kingdomCards[j] == great_hall || kingdomCards[j] == gardens)
        -:  114:		{
      136:  115:		  if (numPlayers == 2){ 
       68:  116:		    state->supplyCount[i] = 8; 
        -:  117:		  }
    #####:  118:		  else{ state->supplyCount[i] = 12; }
        -:  119:		}
        -:  120:	      else
        -:  121:		{
      612:  122:		  state->supplyCount[i] = 10;
        -:  123:		}
      680:  124:	      break;
        -:  125:	    }
        -:  126:	  else    //card is not in the set choosen for the game
        -:  127:	    {
     9860:  128:	      state->supplyCount[i] = -1;
        -:  129:	    }
        -:  130:	}
        -:  131:
        -:  132:    }
        -:  133:
        -:  134:  ////////////////////////
        -:  135:  //supply intilization complete
        -:  136:
        -:  137:  //set player decks
      204:  138:  for (i = 0; i < numPlayers; i++)
        -:  139:    {
      136:  140:      state->deckCount[i] = 0;
      544:  141:      for (j = 0; j < 3; j++)
        -:  142:	{
      408:  143:	  state->deck[i][j] = estate;
      408:  144:	  state->deckCount[i]++;
        -:  145:	}
     1088:  146:      for (j = 3; j < 10; j++)
        -:  147:	{
      952:  148:	  state->deck[i][j] = copper;
      952:  149:	  state->deckCount[i]++;		
        -:  150:	}
        -:  151:    }
        -:  152:
        -:  153:  //shuffle player decks
      204:  154:  for (i = 0; i < numPlayers; i++)
        -:  155:    {
      136:  156:      if ( shuffle(i, state) < 0 )
        -:  157:	{
    #####:  158:	  return -1;
        -:  159:	}
        -:  160:    }
        -:  161:
        -:  162:  //draw player hands
      204:  163:  for (i = 0; i < numPlayers; i++)
        -:  164:    {  
        -:  165:      //initialize hand size to zero
      136:  166:      state->handCount[i] = 0;
      136:  167:      state->discardCount[i] = 0;
        -:  168:      //draw 5 cards
        -:  169:      // for (j = 0; j < 5; j++)
        -:  170:      //	{
        -:  171:      //	  drawCard(i, state);
        -:  172:      //	}
        -:  173:    }
        -:  174:  
        -:  175:  //set embargo tokens to 0 for all supply piles
     1904:  176:  for (i = 0; i <= treasure_map; i++)
        -:  177:    {
     1836:  178:      state->embargoTokens[i] = 0;
        -:  179:    }
        -:  180:
        -:  181:  //initialize first player's turn
       68:  182:  state->outpostPlayed = 0;
       68:  183:  state->phase = 0;
       68:  184:  state->numActions = 1;
       68:  185:  state->numBuys = 1;
       68:  186:  state->playedCardCount = 0;
       68:  187:  state->whoseTurn = 0;
       68:  188:  state->handCount[state->whoseTurn] = 0;
        -:  189:  //int it; move to top
        -:  190:
        -:  191:  //Moved draw cards to here, only drawing at the start of a turn
      408:  192:  for (it = 0; it < 5; it++){
      340:  193:    drawCard(state->whoseTurn, state);
        -:  194:  }
        -:  195:
       68:  196:  updateCoins(state->whoseTurn, state, 0);
        -:  197:
       68:  198:  return 0;
        -:  199:}
        -:  200:
      138:  201:int shuffle(int player, struct gameState *state) {
        -:  202: 
        -:  203:
        -:  204:  int newDeck[MAX_DECK];
      138:  205:  int newDeckPos = 0;
        -:  206:  int card;
        -:  207:  int i;
        -:  208:
      138:  209:  if (state->deckCount[player] < 1)
        2:  210:    return -1;
      136:  211:  qsort ((void*)(state->deck[player]), state->deckCount[player], sizeof(int), compare); 
        -:  212:  /* SORT CARDS IN DECK TO ENSURE DETERMINISM! */
        -:  213:
     1632:  214:  while (state->deckCount[player] > 0) {
     1360:  215:    card = floor(Random() * state->deckCount[player]);
     1360:  216:    newDeck[newDeckPos] = state->deck[player][card];
     1360:  217:    newDeckPos++;
     4737:  218:    for (i = card; i < state->deckCount[player]-1; i++) {
     3377:  219:      state->deck[player][i] = state->deck[player][i+1];
        -:  220:    }
     1360:  221:    state->deckCount[player]--;
        -:  222:  }
     1496:  223:  for (i = 0; i < newDeckPos; i++) {
     1360:  224:    state->deck[player][i] = newDeck[i];
     1360:  225:    state->deckCount[player]++;
        -:  226:  }
        -:  227:
      136:  228:  return 0;
        -:  229:}
        -:  230:
    #####:  231:int playCard(int handPos, int choice1, int choice2, int choice3, struct gameState *state) 
        -:  232:{	
        -:  233:  int card;
    #####:  234:  int coin_bonus = 0; 		//tracks coins gain from actions
        -:  235:
        -:  236:  //check if it is the right phase
    #####:  237:  if (state->phase != 0)
        -:  238:    {
    #####:  239:      return -1;
        -:  240:    }
        -:  241:	
        -:  242:  //check if player has enough actions
    #####:  243:  if ( state->numActions < 1 )
        -:  244:    {
    #####:  245:      return -1;
        -:  246:    }
        -:  247:	
        -:  248:  //get card played
    #####:  249:  card = handCard(handPos, state);
        -:  250:	
        -:  251:  //check if selected card is an action
    #####:  252:  if ( card < adventurer || card > treasure_map )
        -:  253:    {
    #####:  254:      return -1;
        -:  255:    }
        -:  256:	
        -:  257:  //play card
    #####:  258:  if ( cardEffect(card, choice1, choice2, choice3, state, handPos, &coin_bonus) < 0 )
        -:  259:    {
    #####:  260:      return -1;
        -:  261:    }
        -:  262:	
        -:  263:  //reduce number of actions
    #####:  264:  state->numActions--;
        -:  265:
        -:  266:  //update coins (Treasure cards may be added with card draws)
    #####:  267:  updateCoins(state->whoseTurn, state, coin_bonus);
        -:  268:	
    #####:  269:  return 0;
        -:  270:}
        -:  271:
    #####:  272:int buyCard(int supplyPos, struct gameState *state) {
        -:  273:  int who;
        -:  274:  if (DEBUG){
        -:  275:    printf("Entering buyCard...\n");
        -:  276:  }
        -:  277:
        -:  278:  // I don't know what to do about the phase thing.
        -:  279:
    #####:  280:  who = state->whoseTurn;
        -:  281:
    #####:  282:  if (state->numBuys < 1){
        -:  283:    if (DEBUG)
        -:  284:      printf("You do not have any buys left\n");
    #####:  285:    return -1;
    #####:  286:  } else if (supplyCount(supplyPos, state) <1){
        -:  287:    if (DEBUG)
        -:  288:      printf("There are not any of that type of card left\n");
    #####:  289:    return -1;
    #####:  290:  } else if (state->coins < getCost(supplyPos)){
        -:  291:    if (DEBUG) 
        -:  292:      printf("You do not have enough money to buy that. You have %d coins.\n", state->coins);
    #####:  293:    return -1;
        -:  294:  } else {
    #####:  295:    state->phase=1;
        -:  296:    //state->supplyCount[supplyPos]--;
    #####:  297:    gainCard(supplyPos, state, 0, who); //card goes in discard, this might be wrong.. (2 means goes into hand, 0 goes into discard)
        -:  298:  
    #####:  299:    state->coins = (state->coins) - (getCost(supplyPos));
    #####:  300:    state->numBuys--;
        -:  301:    if (DEBUG)
        -:  302:      printf("You bought card number %d for %d coins. You now have %d buys and %d coins.\n", supplyPos, getCost(supplyPos), state->numBuys, state->coins);
        -:  303:  }
        -:  304:
        -:  305:  //state->discard[who][state->discardCount[who]] = supplyPos;
        -:  306:  //state->discardCount[who]++;
        -:  307:    
    #####:  308:  return 0;
        -:  309:}
        -:  310:
    #####:  311:int numHandCards(struct gameState *state) {
    #####:  312:  return state->handCount[ whoseTurn(state) ];
        -:  313:}
        -:  314:
    #####:  315:int handCard(int handPos, struct gameState *state) {
    #####:  316:  int currentPlayer = whoseTurn(state);
    #####:  317:  return state->hand[currentPlayer][handPos];
        -:  318:}
        -:  319:
    #####:  320:int supplyCount(int card, struct gameState *state) {
    #####:  321:  return state->supplyCount[card];
        -:  322:}
        -:  323:
    #####:  324:int fullDeckCount(int player, int card, struct gameState *state) {
        -:  325:  int i;
    #####:  326:  int count = 0;
        -:  327:
    #####:  328:  for (i = 0; i < state->deckCount[player]; i++)
        -:  329:    {
    #####:  330:      if (state->deck[player][i] == card) count++;
        -:  331:    }
        -:  332:
    #####:  333:  for (i = 0; i < state->handCount[player]; i++)
        -:  334:    {
    #####:  335:      if (state->hand[player][i] == card) count++;
        -:  336:    }
        -:  337:
    #####:  338:  for (i = 0; i < state->discardCount[player]; i++)
        -:  339:    {
    #####:  340:      if (state->discard[player][i] == card) count++;
        -:  341:    }
        -:  342:
    #####:  343:  return count;
        -:  344:}
        -:  345:
       73:  346:int whoseTurn(struct gameState *state) {
       73:  347:  return state->whoseTurn;
        -:  348:}
        -:  349:
    #####:  350:int endTurn(struct gameState *state) {
        -:  351:  int k;
        -:  352:  int i;
    #####:  353:  int currentPlayer = whoseTurn(state);
        -:  354:  
        -:  355:  //Discard hand
    #####:  356:  for (i = 0; i < state->handCount[currentPlayer]; i++){
    #####:  357:    state->discard[currentPlayer][state->discardCount[currentPlayer]++] = state->hand[currentPlayer][i];//Discard
    #####:  358:    state->hand[currentPlayer][i] = -1;//Set card to -1
        -:  359:  }
    #####:  360:  state->handCount[currentPlayer] = 0;//Reset hand count
        -:  361:    
        -:  362:  //Code for determining the player
    #####:  363:  if (currentPlayer < (state->numPlayers - 1)){ 
    #####:  364:    state->whoseTurn = currentPlayer + 1;//Still safe to increment
        -:  365:  }
        -:  366:  else{
    #####:  367:    state->whoseTurn = 0;//Max player has been reached, loop back around to player 1
        -:  368:  }
        -:  369:
    #####:  370:  state->outpostPlayed = 0;
    #####:  371:  state->phase = 0;
    #####:  372:  state->numActions = 1;
    #####:  373:  state->coins = 0;
    #####:  374:  state->numBuys = 1;
    #####:  375:  state->playedCardCount = 0;
    #####:  376:  state->handCount[state->whoseTurn] = 0;
        -:  377:
        -:  378:  //int k; move to top
        -:  379:  //Next player draws hand
    #####:  380:  for (k = 0; k < 5; k++){
    #####:  381:    drawCard(state->whoseTurn, state);//Draw a card
        -:  382:  }
        -:  383:
        -:  384:  //Update money
    #####:  385:  updateCoins(state->whoseTurn, state , 0);
        -:  386:
    #####:  387:  return 0;
        -:  388:}
        -:  389:
        6:  390:int isGameOver(struct gameState *state) {
        -:  391:  int i;
        -:  392:  int j;
        -:  393:	
        -:  394:  //if stack of Province cards is empty, the game ends
        6:  395:  if (state->supplyCount[province] == 0)
        -:  396:    {
        2:  397:      return 1;
        -:  398:    }
        -:  399:
        -:  400:  //if three supply pile are at 0, the game ends
        4:  401:  j = 0;
      104:  402:  for (i = 0; i < 25; i++)
        -:  403:    {
      100:  404:      if (state->supplyCount[i] == 0)
        -:  405:	{
        1:  406:	  j++;
        -:  407:	}
        -:  408:    }
        4:  409:  if ( j >= 3)
        -:  410:    {
    #####:  411:      return 1;
        -:  412:    }
        -:  413:
        4:  414:  return 0;
        -:  415:}
        -:  416:
    #####:  417:int scoreFor (int player, struct gameState *state) {
        -:  418:
        -:  419:  int i;
    #####:  420:  int score = 0;
        -:  421:  //score from hand
    #####:  422:  for (i = 0; i < state->handCount[player]; i++)
        -:  423:    {
    #####:  424:      if (state->hand[player][i] == curse) { score = score - 1; };
    #####:  425:      if (state->hand[player][i] == estate) { score = score + 1; };
    #####:  426:      if (state->hand[player][i] == duchy) { score = score + 3; };
    #####:  427:      if (state->hand[player][i] == province) { score = score + 6; };
    #####:  428:      if (state->hand[player][i] == great_hall) { score = score + 1; };
    #####:  429:      if (state->hand[player][i] == gardens) { score = score + ( fullDeckCount(player, 0, state) / 10 ); };
        -:  430:    }
        -:  431:
        -:  432:  //score from discard
    #####:  433:  for (i = 0; i < state->discardCount[player]; i++)
        -:  434:    {
    #####:  435:      if (state->discard[player][i] == curse) { score = score - 1; };
    #####:  436:      if (state->discard[player][i] == estate) { score = score + 1; };
    #####:  437:      if (state->discard[player][i] == duchy) { score = score + 3; };
    #####:  438:      if (state->discard[player][i] == province) { score = score + 6; };
    #####:  439:      if (state->discard[player][i] == great_hall) { score = score + 1; };
    #####:  440:      if (state->discard[player][i] == gardens) { score = score + ( fullDeckCount(player, 0, state) / 10 ); };
        -:  441:    }
        -:  442:
        -:  443:  //score from deck
    #####:  444:  for (i = 0; i < state->discardCount[player]; i++)
        -:  445:    {
    #####:  446:      if (state->deck[player][i] == curse) { score = score - 1; };
    #####:  447:      if (state->deck[player][i] == estate) { score = score + 1; };
    #####:  448:      if (state->deck[player][i] == duchy) { score = score + 3; };
    #####:  449:      if (state->deck[player][i] == province) { score = score + 6; };
    #####:  450:      if (state->deck[player][i] == great_hall) { score = score + 1; };
    #####:  451:      if (state->deck[player][i] == gardens) { score = score + ( fullDeckCount(player, 0, state) / 10 ); };
        -:  452:    }
        -:  453:
    #####:  454:  return score;
        -:  455:}
        -:  456:
    #####:  457:int getWinners(int players[MAX_PLAYERS], struct gameState *state) {
        -:  458:  int i;	
        -:  459:  int j;
        -:  460:  int highScore;
        -:  461:  int currentPlayer;
        -:  462:
        -:  463:  //get score for each player
    #####:  464:  for (i = 0; i < MAX_PLAYERS; i++)
        -:  465:    {
        -:  466:      //set unused player scores to -9999
    #####:  467:      if (i >= state->numPlayers)
        -:  468:	{
    #####:  469:	  players[i] = -9999;
        -:  470:	}
        -:  471:      else
        -:  472:	{
    #####:  473:	  players[i] = scoreFor (i, state);
        -:  474:	}
        -:  475:    }
        -:  476:
        -:  477:  //find highest score
    #####:  478:  j = 0;
    #####:  479:  for (i = 0; i < MAX_PLAYERS; i++)
        -:  480:    {
    #####:  481:      if (players[i] > players[j])
        -:  482:	{
    #####:  483:	  j = i;
        -:  484:	}
        -:  485:    }
    #####:  486:  highScore = players[j];
        -:  487:
        -:  488:  //add 1 to players who had less turns
    #####:  489:  currentPlayer = whoseTurn(state);
    #####:  490:  for (i = 0; i < MAX_PLAYERS; i++)
        -:  491:    {
    #####:  492:      if ( players[i] == highScore && i > currentPlayer )
        -:  493:	{
    #####:  494:	  players[i]++;
        -:  495:	}
        -:  496:    }
        -:  497:
        -:  498:  //find new highest score
    #####:  499:  j = 0;
    #####:  500:  for (i = 0; i < MAX_PLAYERS; i++)
        -:  501:    {
    #####:  502:      if ( players[i] > players[j] )
        -:  503:	{
    #####:  504:	  j = i;
        -:  505:	}
        -:  506:    }
    #####:  507:  highScore = players[j];
        -:  508:
        -:  509:  //set winners in array to 1 and rest to 0
    #####:  510:  for (i = 0; i < MAX_PLAYERS; i++)
        -:  511:    {
    #####:  512:      if ( players[i] == highScore )
        -:  513:	{
    #####:  514:	  players[i] = 1;
        -:  515:	}
        -:  516:      else
        -:  517:	{
    #####:  518:	  players[i] = 0;
        -:  519:	}
        -:  520:    }
        -:  521:
    #####:  522:  return 0;
        -:  523:}
        -:  524:
      483:  525:int drawCard(int player, struct gameState *state)
        -:  526:{	int count;
        -:  527:  int deckCounter;
      483:  528:  if (state->deckCount[player] <= 0){//Deck is empty
        -:  529:    
        -:  530:    //Step 1 Shuffle the discard pile back into a deck
        -:  531:    int i;
        -:  532:    //Move discard to deck
        1:  533:    for (i = 0; i < state->discardCount[player];i++){
    #####:  534:      state->deck[player][i] = state->discard[player][i];
    #####:  535:      state->discard[player][i] = -1;
        -:  536:    }
        -:  537:
        1:  538:    state->deckCount[player] = state->discardCount[player];
        1:  539:    state->discardCount[player] = 0;//Reset discard
        -:  540:
        -:  541:    //Shufffle the deck
        1:  542:    shuffle(player, state);//Shuffle the deck up and make it so that we can draw
        -:  543:   
        -:  544:    if (DEBUG){//Debug statements
        -:  545:      printf("Deck count now: %d\n", state->deckCount[player]);
        -:  546:    }
        -:  547:    
        1:  548:    state->discardCount[player] = 0;
        -:  549:
        -:  550:    //Step 2 Draw Card
        1:  551:    count = state->handCount[player];//Get current player's hand count
        -:  552:    
        -:  553:    if (DEBUG){//Debug statements
        -:  554:      printf("Current hand count: %d\n", count);
        -:  555:    }
        -:  556:    
        1:  557:    deckCounter = state->deckCount[player];//Create a holder for the deck count
        -:  558:
        1:  559:    if (deckCounter == 0)
        1:  560:      return -1;
        -:  561:
    #####:  562:    state->hand[player][count] = state->deck[player][deckCounter - 1];//Add card to hand
    #####:  563:    state->deckCount[player]--;
    #####:  564:    state->handCount[player]++;//Increment hand count
        -:  565:  }
        -:  566:
        -:  567:  else{
      482:  568:    int count = state->handCount[player];//Get current hand count for player
        -:  569:    int deckCounter;
        -:  570:    if (DEBUG){//Debug statements
        -:  571:      printf("Current hand count: %d\n", count);
        -:  572:    }
        -:  573:
      482:  574:    deckCounter = state->deckCount[player];//Create holder for the deck count
      482:  575:    state->hand[player][count] = state->deck[player][deckCounter - 1];//Add card to the hand
      482:  576:    state->deckCount[player]--;
      482:  577:    state->handCount[player]++;//Increment hand count
        -:  578:  }
        -:  579:
      482:  580:  return 0;
        -:  581:}
        -:  582:
    #####:  583:int getCost(int cardNumber)
        -:  584:{
    #####:  585:  switch( cardNumber ) 
        -:  586:    {
        -:  587:    case curse:
    #####:  588:      return 0;
        -:  589:    case estate:
    #####:  590:      return 2;
        -:  591:    case duchy:
    #####:  592:      return 5;
        -:  593:    case province:
    #####:  594:      return 8;
        -:  595:    case copper:
    #####:  596:      return 0;
        -:  597:    case silver:
    #####:  598:      return 3;
        -:  599:    case gold:
    #####:  600:      return 6;
        -:  601:    case adventurer:
    #####:  602:      return 6;
        -:  603:    case council_room:
    #####:  604:      return 5;
        -:  605:    case feast:
    #####:  606:      return 4;
        -:  607:    case gardens:
    #####:  608:      return 4;
        -:  609:    case mine:
    #####:  610:      return 5;
        -:  611:    case remodel:
    #####:  612:      return 4;
        -:  613:    case smithy:
    #####:  614:      return 4;
        -:  615:    case village:
    #####:  616:      return 3;
        -:  617:    case baron:
    #####:  618:      return 4;
        -:  619:    case great_hall:
    #####:  620:      return 3;
        -:  621:    case minion:
    #####:  622:      return 5;
        -:  623:    case steward:
    #####:  624:      return 3;
        -:  625:    case tribute:
    #####:  626:      return 5;
        -:  627:    case ambassador:
    #####:  628:      return 3;
        -:  629:    case cutpurse:
    #####:  630:      return 4;
        -:  631:    case embargo: 
    #####:  632:      return 2;
        -:  633:    case outpost:
    #####:  634:      return 5;
        -:  635:    case salvager:
    #####:  636:      return 4;
        -:  637:    case sea_hag:
    #####:  638:      return 4;
        -:  639:    case treasure_map:
    #####:  640:      return 4;
        -:  641:    }
        -:  642:	
    #####:  643:  return -1;
        -:  644:}
        -:  645:
        -:  646:
        -:  647:  //function for the adventurer card
       62:  648:int card_adventurer(int cardDrawn, int currentPlayer, int drawntreasure, int z, struct gameState *state, int temphand[])
        -:  649:{ 
       62:  650:  int temp2 = currentPlayer;
       62:  651:  int temp = state->handCount[temp2];
        -:  652:  //printf("\n\n%d    ",state->handCount[currentPlayer]);
      264:  653:  while(drawntreasure<2)
        -:  654:  {
      140:  655:	if (state->deckCount[currentPlayer] <1)
        -:  656:	{//if the deck is empty we need to shuffle discard and add to deck
        1:  657:	  shuffle(currentPlayer, state);
        -:  658:	}
      140:  659:	drawCard(currentPlayer, state);
      140:  660:	cardDrawn = state->hand[currentPlayer][state->handCount[currentPlayer]-1];//top card of hand is most recently drawn card.
      140:  661:	if (cardDrawn == copper || cardDrawn == silver || cardDrawn == gold)
        -:  662:	{
      124:  663:	  drawntreasure++;
        -:  664:	}
        -:  665:	else
        -:  666:	{
       16:  667:	  temphand[z]=cardDrawn;
       16:  668:	  state->handCount[currentPlayer]--; //this should just remove the top card (the most recently drawn one).
       16:  669:	  z++;
        -:  670:	}
        -:  671:  }
      140:  672:  while(z-1>=0)
        -:  673:  {
       16:  674:	state->discard[currentPlayer][state->discardCount[currentPlayer]++]=temphand[z-1]; // discard all cards in play that have been drawn
       16:  675:	z=z-1;
        -:  676:  }
        -:  677:  //printf("%d     ",state->handCount[currentPlayer]);
       62:  678:  if(state->handCount[temp2] - 2 == temp){
        -:  679:    //printf("true");
        -:  680:  }
        -:  681:  else{
        1:  682:    printf("false\n\n");
        -:  683:  }
       62:  684:  return 1;
        -:  685:}
        -:  686:
        -:  687:  //function for the great hall card
    #####:  688:void card_great_hall(int currentPlayer, struct gameState *state, int handPos)
        -:  689:{
        -:  690:	//+1 Card
    #####:  691:      drawCard(currentPlayer, state);
        -:  692:			
        -:  693:      //+1 Actions
    #####:  694:      state->numActions++;
        -:  695:			
        -:  696:      //discard card from hand
    #####:  697:      discardCard(handPos, currentPlayer, state, 0);
    #####:  698:} 
        -:  699: 
        -:  700:  //function for the smithy card
        1:  701:void card_smithy(int currentPlayer, struct gameState *state, int handPos)
        -:  702:{
        -:  703:	//+3 Cards
        4:  704:    for (int i = 0; i < 3; i++)
        -:  705:	{
        3:  706:	  drawCard(currentPlayer, state);
        -:  707:	}
        -:  708:			
        -:  709:    //discard card from hand
        -:  710:	//commenting out this line to introduce a bug
        1:  711:    discardCard(handPos, currentPlayer, state, 0);
        1:  712:}
        -:  713:  
        -:  714:  //function for the village card
        1:  715:void card_village(int currentPlayer, struct gameState *state, int handPos)
        -:  716:{
        -:  717:	//+1 Card
        -:  718:	//commenting out this line to introduce a bug
        -:  719:    //drawCard(currentPlayer, state);
        -:  720:			
        -:  721:    //+2 Actions
        1:  722:    state->numActions = state->numActions + 2;
        -:  723:			
        -:  724:    //discard played card from hand
        1:  725:    discardCard(handPos, currentPlayer, state, 0);
        1:  726:}  
        -:  727:  
        -:  728:  
        -:  729:  //function for the council room card
    #####:  730:void card_council_room(int currentPlayer, struct gameState *state, int handPos)
        -:  731:{
        -:  732:	//+4 Cards
    #####:  733:    for (int i = 0; i < 4; i++)
        -:  734:	{
    #####:  735:	  drawCard(currentPlayer, state);
        -:  736:	}
        -:  737:			
        -:  738:    //+1 Buy
    #####:  739:    state->numBuys++;
        -:  740:	
        -:  741:	//commenting out this set of code to introduce a bug
        -:  742:	/*
        -:  743:    //Each other player draws a card
        -:  744:    for (int i = 0; i < state->numPlayers; i++)
        -:  745:	{
        -:  746:	  if ( i != currentPlayer )
        -:  747:	    {
        -:  748:	      drawCard(i, state);
        -:  749:	    }
        -:  750:	}*/
        -:  751:			
        -:  752:    //put played card in played card pile
    #####:  753:    discardCard(handPos, currentPlayer, state, 0);
    #####:  754:}  
        -:  755:  
        -:  756:
        -:  757:
       65:  758:int cardEffect(int card, int choice1, int choice2, int choice3, struct gameState *state, int handPos, int *bonus)
        -:  759:{
        -:  760:  int i;
        -:  761:  int j;
        -:  762:  int k;
        -:  763:  int x;
        -:  764:  int index;
       65:  765:  int currentPlayer = whoseTurn(state);
       65:  766:  int nextPlayer = currentPlayer + 1;
        -:  767:
       65:  768:  int tributeRevealedCards[2] = {-1, -1};
        -:  769:  int temphand[MAX_HAND];// moved above the if statement
       65:  770:  int z = 0;// this is the counter for the temp hand
       65:  771:  int drawntreasure=0;
       65:  772:  int cardDrawn = 0;
       65:  773:  if (nextPlayer > (state->numPlayers - 1)){
    #####:  774:    nextPlayer = 0;
        -:  775:  }
        -:  776:	
        -:  777:  //uses switch to select card and perform actions
       65:  778:  switch( card ) 
        -:  779:    {
        -:  780:    case adventurer:
        -:  781:	  //commented out correct function call to introduce a bug
        -:  782:	  //card_adventurer(cardDrawn, currentPlayer, drawntreasure, z, state, temphand);
       62:  783:      card_adventurer(currentPlayer, cardDrawn, drawntreasure, z, state, temphand);
       62:  784:	  return 0;
        -:  785:			
        -:  786:    case council_room:
    #####:  787:     card_council_room(currentPlayer, state, handPos);
    #####:  788:	 return 0;
        -:  789:			
        -:  790:    case feast:
        -:  791:      //gain card with cost up to 5
        -:  792:      //Backup hand
    #####:  793:      for (i = 0; i <= state->handCount[currentPlayer]; i++){
    #####:  794:	temphand[i] = state->hand[currentPlayer][i];//Backup card
    #####:  795:	state->hand[currentPlayer][i] = -1;//Set to nothing
        -:  796:      }
        -:  797:      //Backup hand
        -:  798:
        -:  799:      //Update Coins for Buy
    #####:  800:      updateCoins(currentPlayer, state, 5);
    #####:  801:      x = 1;//Condition to loop on
    #####:  802:      while( x == 1) {//Buy one card
    #####:  803:	if (supplyCount(choice1, state) <= 0){
        -:  804:	  if (DEBUG)
        -:  805:	    printf("None of that card left, sorry!\n");
        -:  806:
        -:  807:	  if (DEBUG){
        -:  808:	    printf("Cards Left: %d\n", supplyCount(choice1, state));
        -:  809:	  }
        -:  810:	}
    #####:  811:	else if (state->coins < getCost(choice1)){
    #####:  812:	  printf("That card is too expensive!\n");
        -:  813:
        -:  814:	  if (DEBUG){
        -:  815:	    printf("Coins: %d < %d\n", state->coins, getCost(choice1));
        -:  816:	  }
        -:  817:	}
        -:  818:	else{
        -:  819:
        -:  820:	  if (DEBUG){
        -:  821:	    printf("Deck Count: %d\n", state->handCount[currentPlayer] + state->deckCount[currentPlayer] + state->discardCount[currentPlayer]);
        -:  822:	  }
        -:  823:
    #####:  824:	  gainCard(choice1, state, 0, currentPlayer);//Gain the card
    #####:  825:	  x = 0;//No more buying cards
        -:  826:
        -:  827:	  if (DEBUG){
        -:  828:	    printf("Deck Count: %d\n", state->handCount[currentPlayer] + state->deckCount[currentPlayer] + state->discardCount[currentPlayer]);
        -:  829:	  }
        -:  830:
        -:  831:	}
        -:  832:      }     
        -:  833:
        -:  834:      //Reset Hand
    #####:  835:      for (i = 0; i <= state->handCount[currentPlayer]; i++){
    #####:  836:	state->hand[currentPlayer][i] = temphand[i];
    #####:  837:	temphand[i] = -1;
        -:  838:      }
        -:  839:      //Reset Hand
        -:  840:      			
    #####:  841:      return 0;
        -:  842:			
        -:  843:    case gardens:
    #####:  844:      return -1;
        -:  845:			
        -:  846:    case mine:
    #####:  847:      j = state->hand[currentPlayer][choice1];  //store card we will trash
        -:  848:
    #####:  849:      if (state->hand[currentPlayer][choice1] < copper || state->hand[currentPlayer][choice1] > gold)
        -:  850:	{
    #####:  851:	  return -1;
        -:  852:	}
        -:  853:		
    #####:  854:      if (choice2 > treasure_map || choice2 < curse)
        -:  855:	{
    #####:  856:	  return -1;
        -:  857:	}
        -:  858:
    #####:  859:      if ( (getCost(state->hand[currentPlayer][choice1]) + 3) > getCost(choice2) )
        -:  860:	{
    #####:  861:	  return -1;
        -:  862:	}
        -:  863:
    #####:  864:      gainCard(choice2, state, 2, currentPlayer);
        -:  865:
        -:  866:      //discard card from hand
    #####:  867:      discardCard(handPos, currentPlayer, state, 0);
        -:  868:
        -:  869:      //discard trashed card
    #####:  870:      for (i = 0; i < state->handCount[currentPlayer]; i++)
        -:  871:	{
    #####:  872:	  if (state->hand[currentPlayer][i] == j)
        -:  873:	    {
    #####:  874:	      discardCard(i, currentPlayer, state, 0);			
    #####:  875:	      break;
        -:  876:	    }
        -:  877:	}
        -:  878:			
    #####:  879:      return 0;
        -:  880:			
        -:  881:    case remodel:
    #####:  882:      j = state->hand[currentPlayer][choice1];  //store card we will trash
        -:  883:
    #####:  884:      if ( (getCost(state->hand[currentPlayer][choice1]) + 2) > getCost(choice2) )
        -:  885:	{
    #####:  886:	  return -1;
        -:  887:	}
        -:  888:
    #####:  889:      gainCard(choice2, state, 0, currentPlayer);
        -:  890:
        -:  891:      //discard card from hand
    #####:  892:      discardCard(handPos, currentPlayer, state, 0);
        -:  893:
        -:  894:      //discard trashed card
    #####:  895:      for (i = 0; i < state->handCount[currentPlayer]; i++)
        -:  896:	{
    #####:  897:	  if (state->hand[currentPlayer][i] == j)
        -:  898:	    {
    #####:  899:	      discardCard(i, currentPlayer, state, 0);			
    #####:  900:	      break;
        -:  901:	    }
        -:  902:	}
    #####:  903:      return 0;
        -:  904:		
        -:  905:    case smithy:
        1:  906:		card_smithy(currentPlayer, state, handPos);
        1:  907:		return 0;
        -:  908:		
        -:  909:    case village:
        1:  910:		card_village(currentPlayer, state, handPos);
        1:  911:		return 0;
        -:  912:		
        -:  913:    case baron:
    #####:  914:      state->numBuys++;//Increase buys by 1!
    #####:  915:      if (choice1 > 0){//Boolean true or going to discard an estate
    #####:  916:	int p = 0;//Iterator for hand!
    #####:  917:	int card_not_discarded = 1;//Flag for discard set!
    #####:  918:	while(card_not_discarded){
    #####:  919:	  if (state->hand[currentPlayer][p] == estate){//Found an estate card!
    #####:  920:	    state->coins += 4;//Add 4 coins to the amount of coins
    #####:  921:	    state->discard[currentPlayer][state->discardCount[currentPlayer]] = state->hand[currentPlayer][p];
    #####:  922:	    state->discardCount[currentPlayer]++;
    #####:  923:	    for (;p < state->handCount[currentPlayer]; p++){
    #####:  924:	      state->hand[currentPlayer][p] = state->hand[currentPlayer][p+1];
        -:  925:	    }
    #####:  926:	    state->hand[currentPlayer][state->handCount[currentPlayer]] = -1;
    #####:  927:	    state->handCount[currentPlayer]--;
    #####:  928:	    card_not_discarded = 0;//Exit the loop
        -:  929:	  }
    #####:  930:	  else if (p > state->handCount[currentPlayer]){
        -:  931:	    if(DEBUG) {
        -:  932:	      printf("No estate cards in your hand, invalid choice\n");
        -:  933:	      printf("Must gain an estate if there are any\n");
        -:  934:	    }
    #####:  935:	    if (supplyCount(estate, state) > 0){
    #####:  936:	      gainCard(estate, state, 0, currentPlayer);
    #####:  937:	      state->supplyCount[estate]--;//Decrement estates
    #####:  938:	      if (supplyCount(estate, state) == 0){
    #####:  939:		isGameOver(state);
        -:  940:	      }
        -:  941:	    }
    #####:  942:	    card_not_discarded = 0;//Exit the loop
        -:  943:	  }
        -:  944:			    
        -:  945:	  else{
    #####:  946:	    p++;//Next card
        -:  947:	  }
        -:  948:	}
        -:  949:      }
        -:  950:			    
        -:  951:      else{
    #####:  952:	if (supplyCount(estate, state) > 0){
    #####:  953:	  gainCard(estate, state, 0, currentPlayer);//Gain an estate
    #####:  954:	  state->supplyCount[estate]--;//Decrement Estates
    #####:  955:	  if (supplyCount(estate, state) == 0){
    #####:  956:	    isGameOver(state);
        -:  957:	  }
        -:  958:	}
        -:  959:      }
        -:  960:	    
        -:  961:      
    #####:  962:      return 0;
        -:  963:		
        -:  964:    case great_hall:
    #####:  965:      card_great_hall(currentPlayer, state, handPos);
    #####:  966:      return 0;
        -:  967:		
        -:  968:    case minion:
        -:  969:      //+1 action
    #####:  970:      state->numActions++;
        -:  971:			
        -:  972:      //discard card from hand
    #####:  973:      discardCard(handPos, currentPlayer, state, 0);
        -:  974:			
    #####:  975:      if (choice1)		//+2 coins
        -:  976:	{
    #####:  977:	  state->coins = state->coins + 2;
        -:  978:	}
        -:  979:			
    #####:  980:      else if (choice2)		//discard hand, redraw 4, other players with 5+ cards discard hand and draw 4
        -:  981:	{
        -:  982:	  //discard hand
    #####:  983:	  while(numHandCards(state) > 0)
        -:  984:	    {
    #####:  985:	      discardCard(handPos, currentPlayer, state, 0);
        -:  986:	    }
        -:  987:				
        -:  988:	  //draw 4
    #####:  989:	  for (i = 0; i < 4; i++)
        -:  990:	    {
    #####:  991:	      drawCard(currentPlayer, state);
        -:  992:	    }
        -:  993:				
        -:  994:	  //other players discard hand and redraw if hand size > 4
    #####:  995:	  for (i = 0; i < state->numPlayers; i++)
        -:  996:	    {
    #####:  997:	      if (i != currentPlayer)
        -:  998:		{
    #####:  999:		  if ( state->handCount[i] > 4 )
        -: 1000:		    {
        -: 1001:		      //discard hand
    #####: 1002:		      while( state->handCount[i] > 0 )
        -: 1003:			{
    #####: 1004:			  discardCard(handPos, i, state, 0);
        -: 1005:			}
        -: 1006:							
        -: 1007:		      //draw 4
    #####: 1008:		      for (j = 0; j < 4; j++)
        -: 1009:			{
    #####: 1010:			  drawCard(i, state);
        -: 1011:			}
        -: 1012:		    }
        -: 1013:		}
        -: 1014:	    }
        -: 1015:				
        -: 1016:	}
    #####: 1017:      return 0;
        -: 1018:		
        -: 1019:    case steward:
    #####: 1020:      if (choice1 == 1)
        -: 1021:	{
        -: 1022:	  //+2 cards
    #####: 1023:	  drawCard(currentPlayer, state);
    #####: 1024:	  drawCard(currentPlayer, state);
        -: 1025:	}
    #####: 1026:      else if (choice1 == 2)
        -: 1027:	{
        -: 1028:	  //+2 coins
    #####: 1029:	  state->coins = state->coins + 2;
        -: 1030:	}
        -: 1031:      else
        -: 1032:	{
        -: 1033:	  //trash 2 cards in hand
    #####: 1034:	  discardCard(choice2, currentPlayer, state, 1);
    #####: 1035:	  discardCard(choice3, currentPlayer, state, 1);
        -: 1036:	}
        -: 1037:			
        -: 1038:      //discard card from hand
    #####: 1039:      discardCard(handPos, currentPlayer, state, 0);
    #####: 1040:      return 0;
        -: 1041:		
        -: 1042:    case tribute:
    #####: 1043:      if ((state->discardCount[nextPlayer] + state->deckCount[nextPlayer]) <= 1){
    #####: 1044:	if (state->deckCount[nextPlayer] > 0){
    #####: 1045:	  tributeRevealedCards[0] = state->deck[nextPlayer][state->deckCount[nextPlayer]-1];
    #####: 1046:	  state->deckCount[nextPlayer]--;
        -: 1047:	}
    #####: 1048:	else if (state->discardCount[nextPlayer] > 0){
    #####: 1049:	  tributeRevealedCards[0] = state->discard[nextPlayer][state->discardCount[nextPlayer]-1];
    #####: 1050:	  state->discardCount[nextPlayer]--;
        -: 1051:	}
        -: 1052:	else{
        -: 1053:	  //No Card to Reveal
        -: 1054:	  if (DEBUG){
        -: 1055:	    printf("No cards to reveal\n");
        -: 1056:	  }
        -: 1057:	}
        -: 1058:      }
        -: 1059:	    
        -: 1060:      else{
    #####: 1061:	if (state->deckCount[nextPlayer] == 0){
    #####: 1062:	  for (i = 0; i < state->discardCount[nextPlayer]; i++){
    #####: 1063:	    state->deck[nextPlayer][i] = state->discard[nextPlayer][i];//Move to deck
    #####: 1064:	    state->deckCount[nextPlayer]++;
    #####: 1065:	    state->discard[nextPlayer][i] = -1;
    #####: 1066:	    state->discardCount[nextPlayer]--;
        -: 1067:	  }
        -: 1068:			    
    #####: 1069:	  shuffle(nextPlayer,state);//Shuffle the deck
        -: 1070:	} 
    #####: 1071:	tributeRevealedCards[0] = state->deck[nextPlayer][state->deckCount[nextPlayer]-1];
    #####: 1072:	state->deck[nextPlayer][state->deckCount[nextPlayer]--] = -1;
    #####: 1073:	state->deckCount[nextPlayer]--;
    #####: 1074:	tributeRevealedCards[1] = state->deck[nextPlayer][state->deckCount[nextPlayer]-1];
    #####: 1075:	state->deck[nextPlayer][state->deckCount[nextPlayer]--] = -1;
    #####: 1076:	state->deckCount[nextPlayer]--;
        -: 1077:      }    
        -: 1078:		       
    #####: 1079:      if (tributeRevealedCards[0] == tributeRevealedCards[1]){//If we have a duplicate card, just drop one 
    #####: 1080:	state->playedCards[state->playedCardCount] = tributeRevealedCards[1];
    #####: 1081:	state->playedCardCount++;
    #####: 1082:	tributeRevealedCards[1] = -1;
        -: 1083:      }
        -: 1084:
    #####: 1085:      for (i = 0; i <= 2; i ++){
    #####: 1086:	if (tributeRevealedCards[i] == copper || tributeRevealedCards[i] == silver || tributeRevealedCards[i] == gold){//Treasure cards
    #####: 1087:	  state->coins += 2;
        -: 1088:	}
        -: 1089:		    
    #####: 1090:	else if (tributeRevealedCards[i] == estate || tributeRevealedCards[i] == duchy || tributeRevealedCards[i] == province || tributeRevealedCards[i] == gardens || tributeRevealedCards[i] == great_hall){//Victory Card Found
    #####: 1091:	  drawCard(currentPlayer, state);
    #####: 1092:	  drawCard(currentPlayer, state);
        -: 1093:	}
        -: 1094:	else{//Action Card
    #####: 1095:	  state->numActions = state->numActions + 2;
        -: 1096:	}
        -: 1097:      }
        -: 1098:	    
    #####: 1099:      return 0;
        -: 1100:		
        -: 1101:    case ambassador:
    #####: 1102:      j = 0;		//used to check if player has enough cards to discard
        -: 1103:
    #####: 1104:      if (choice2 > 2 || choice2 < 0)
        -: 1105:	{
    #####: 1106:	  return -1;				
        -: 1107:	}
        -: 1108:
    #####: 1109:      if (choice1 == handPos)
        -: 1110:	{
    #####: 1111:	  return -1;
        -: 1112:	}
        -: 1113:
    #####: 1114:      for (i = 0; i < state->handCount[currentPlayer]; i++)
        -: 1115:	{
    #####: 1116:	  if (i != handPos && i == state->hand[currentPlayer][choice1] && i != choice1)
        -: 1117:	    {
    #####: 1118:	      j++;
        -: 1119:	    }
        -: 1120:	}
    #####: 1121:      if (j < choice2)
        -: 1122:	{
    #####: 1123:	  return -1;				
        -: 1124:	}
        -: 1125:
        -: 1126:      if (DEBUG) 
        -: 1127:	printf("Player %d reveals card number: %d\n", currentPlayer, state->hand[currentPlayer][choice1]);
        -: 1128:
        -: 1129:      //increase supply count for choosen card by amount being discarded
    #####: 1130:      state->supplyCount[state->hand[currentPlayer][choice1]] += choice2;
        -: 1131:			
        -: 1132:      //each other player gains a copy of revealed card
    #####: 1133:      for (i = 0; i < state->numPlayers; i++)
        -: 1134:	{
    #####: 1135:	  if (i != currentPlayer)
        -: 1136:	    {
    #####: 1137:	      gainCard(state->hand[currentPlayer][choice1], state, 0, i);
        -: 1138:	    }
        -: 1139:	}
        -: 1140:
        -: 1141:      //discard played card from hand
    #####: 1142:      discardCard(handPos, currentPlayer, state, 0);			
        -: 1143:
        -: 1144:      //trash copies of cards returned to supply
    #####: 1145:      for (j = 0; j < choice2; j++)
        -: 1146:	{
    #####: 1147:	  for (i = 0; i < state->handCount[currentPlayer]; i++)
        -: 1148:	    {
    #####: 1149:	      if (state->hand[currentPlayer][i] == state->hand[currentPlayer][choice1])
        -: 1150:		{
    #####: 1151:		  discardCard(i, currentPlayer, state, 1);
    #####: 1152:		  break;
        -: 1153:		}
        -: 1154:	    }
        -: 1155:	}			
        -: 1156:
    #####: 1157:      return 0;
        -: 1158:		
        -: 1159:    case cutpurse:
        -: 1160:
    #####: 1161:      updateCoins(currentPlayer, state, 2);
    #####: 1162:      for (i = 0; i < state->numPlayers; i++)
        -: 1163:	{
    #####: 1164:	  if (i != currentPlayer)
        -: 1165:	    {
    #####: 1166:	      for (j = 0; j < state->handCount[i]; j++)
        -: 1167:		{
    #####: 1168:		  if (state->hand[i][j] == copper)
        -: 1169:		    {
    #####: 1170:		      discardCard(j, i, state, 0);
    #####: 1171:		      break;
        -: 1172:		    }
    #####: 1173:		  if (j == state->handCount[i])
        -: 1174:		    {
    #####: 1175:		      for (k = 0; k < state->handCount[i]; k++)
        -: 1176:			{
        -: 1177:			  if (DEBUG)
        -: 1178:			    printf("Player %d reveals card number %d\n", i, state->hand[i][k]);
        -: 1179:			}	
    #####: 1180:		      break;
        -: 1181:		    }		
        -: 1182:		}
        -: 1183:					
        -: 1184:	    }
        -: 1185:				
        -: 1186:	}				
        -: 1187:
        -: 1188:      //discard played card from hand
    #####: 1189:      discardCard(handPos, currentPlayer, state, 0);			
        -: 1190:
    #####: 1191:      return 0;
        -: 1192:
        -: 1193:		
        -: 1194:    case embargo: 
        -: 1195:      //+2 Coins
    #####: 1196:      state->coins = state->coins + 2;
        -: 1197:			
        -: 1198:      //see if selected pile is in play
    #####: 1199:      if ( state->supplyCount[choice1] == -1 )
        -: 1200:	{
    #####: 1201:	  return -1;
        -: 1202:	}
        -: 1203:			
        -: 1204:      //add embargo token to selected supply pile
    #####: 1205:      state->embargoTokens[choice1]++;
        -: 1206:			
        -: 1207:      //trash card
    #####: 1208:      discardCard(handPos, currentPlayer, state, 1);		
    #####: 1209:      return 0;
        -: 1210:		
        -: 1211:    case outpost:
        -: 1212:      //set outpost flag
    #####: 1213:      state->outpostPlayed++;
        -: 1214:			
        -: 1215:      //discard card
    #####: 1216:      discardCard(handPos, currentPlayer, state, 0);
    #####: 1217:      return 0;
        -: 1218:		
        -: 1219:    case salvager:
        -: 1220:      //+1 buy
    #####: 1221:      state->numBuys++;
        -: 1222:			
    #####: 1223:      if (choice1)
        -: 1224:	{
        -: 1225:	  //gain coins equal to trashed card
    #####: 1226:	  state->coins = state->coins + getCost( handCard(choice1, state) );
        -: 1227:	  //trash card
    #####: 1228:	  discardCard(choice1, currentPlayer, state, 1);	
        -: 1229:	}
        -: 1230:			
        -: 1231:      //discard card
    #####: 1232:      discardCard(handPos, currentPlayer, state, 0);
    #####: 1233:      return 0;
        -: 1234:		
        -: 1235:    case sea_hag:
        3: 1236:      for (i = 0; i < state->numPlayers; i++){
        2: 1237:	if (i != currentPlayer){
        1: 1238:	  state->discard[i][state->discardCount[i]] = state->deck[i][state->deckCount[i]--];			    state->deckCount[i]--;
        1: 1239:	  state->discardCount[i]++;
        1: 1240:	  state->deck[i][state->deckCount[i]--] = curse;//Top card now a curse
        -: 1241:	}
        -: 1242:      }
        1: 1243:      return 0;
        -: 1244:		
        -: 1245:    case treasure_map:
        -: 1246:      //search hand for another treasure_map
    #####: 1247:      index = -1;
    #####: 1248:      for (i = 0; i < state->handCount[currentPlayer]; i++)
        -: 1249:	{
    #####: 1250:	  if (state->hand[currentPlayer][i] == treasure_map && i != handPos)
        -: 1251:	    {
    #####: 1252:	      index = i;
    #####: 1253:	      break;
        -: 1254:	    }
        -: 1255:	}
    #####: 1256:      if (index > -1)
        -: 1257:	{
        -: 1258:	  //trash both treasure cards
    #####: 1259:	  discardCard(handPos, currentPlayer, state, 1);
    #####: 1260:	  discardCard(index, currentPlayer, state, 1);
        -: 1261:
        -: 1262:	  //gain 4 Gold cards
    #####: 1263:	  for (i = 0; i < 4; i++)
        -: 1264:	    {
    #####: 1265:	      gainCard(gold, state, 1, currentPlayer);
        -: 1266:	    }
        -: 1267:				
        -: 1268:	  //return success
    #####: 1269:	  return 1;
        -: 1270:	}
        -: 1271:			
        -: 1272:      //no second treasure_map found in hand
    #####: 1273:      return -1;
        -: 1274:    }
        -: 1275:	
    #####: 1276:  return -1;
        -: 1277:}
        -: 1278:
        2: 1279:int discardCard(int handPos, int currentPlayer, struct gameState *state, int trashFlag)
        -: 1280:{
        2: 1281:	printf("\n\n%d    ",state->discardCount[currentPlayer]);
        -: 1282:  //if card is not trashed, added to Played pile 
        2: 1283:  if (trashFlag < 1)
        -: 1284:    {
        -: 1285:      //add card to played pile
        2: 1286:      state->playedCards[state->playedCardCount] = state->hand[currentPlayer][handPos]; 
        2: 1287:      state->playedCardCount++;
        -: 1288:    }
        -: 1289:	
        -: 1290:  //set played card to -1
        2: 1291:  state->hand[currentPlayer][handPos] = -1;
        -: 1292:	
        -: 1293:  //remove card from player's hand
        2: 1294:  if ( handPos == (state->handCount[currentPlayer] - 1) ) 	//last card in hand array is played
        -: 1295:    {
        -: 1296:      //reduce number of cards in hand
    #####: 1297:      state->handCount[currentPlayer]--;
        -: 1298:    }
        2: 1299:  else if ( state->handCount[currentPlayer] == 1 ) //only one card in hand
        -: 1300:    {
        -: 1301:      //reduce number of cards in hand
    #####: 1302:      state->handCount[currentPlayer]--;
        -: 1303:    }
        -: 1304:  else 	
        -: 1305:    {
        -: 1306:      //replace discarded card with last card in hand
        2: 1307:      state->hand[currentPlayer][handPos] = state->hand[currentPlayer][ (state->handCount[currentPlayer] - 1)];
        -: 1308:      //set last card to -1
        2: 1309:      state->hand[currentPlayer][state->handCount[currentPlayer] - 1] = -1;
        -: 1310:      //reduce number of cards in hand
        2: 1311:      state->handCount[currentPlayer]--;
        -: 1312:    }
        2: 1313:	printf("%d\n\n    ",state->discardCount[currentPlayer]);
        2: 1314:  return 0;
        -: 1315:}
        -: 1316:
    #####: 1317:int gainCard(int supplyPos, struct gameState *state, int toFlag, int player)
        -: 1318:{
        -: 1319:  //Note: supplyPos is enum of choosen card
        -: 1320:	
        -: 1321:  //check if supply pile is empty (0) or card is not used in game (-1)
    #####: 1322:  if ( supplyCount(supplyPos, state) < 1 )
        -: 1323:    {
    #####: 1324:      return -1;
        -: 1325:    }
        -: 1326:	
        -: 1327:  //added card for [whoseTurn] current player:
        -: 1328:  // toFlag = 0 : add to discard
        -: 1329:  // toFlag = 1 : add to deck
        -: 1330:  // toFlag = 2 : add to hand
        -: 1331:
    #####: 1332:  if (toFlag == 1)
        -: 1333:    {
    #####: 1334:      state->deck[ player ][ state->deckCount[player] ] = supplyPos;
    #####: 1335:      state->deckCount[player]++;
        -: 1336:    }
    #####: 1337:  else if (toFlag == 2)
        -: 1338:    {
    #####: 1339:      state->hand[ player ][ state->handCount[player] ] = supplyPos;
    #####: 1340:      state->handCount[player]++;
        -: 1341:    }
        -: 1342:  else
        -: 1343:    {
    #####: 1344:      state->discard[player][ state->discardCount[player] ] = supplyPos;
    #####: 1345:      state->discardCount[player]++;
        -: 1346:    }
        -: 1347:	
        -: 1348:  //decrease number in supply pile
    #####: 1349:  state->supplyCount[supplyPos]--;
        -: 1350:	 
    #####: 1351:  return 0;
        -: 1352:}
        -: 1353:
      137: 1354:int updateCoins(int player, struct gameState *state, int bonus)
        -: 1355:{
        -: 1356:  int i;
        -: 1357:	
        -: 1358:  //reset coin count
      137: 1359:  state->coins = 0;
        -: 1360:
        -: 1361:  //add coins for each Treasure card in player's hand
      817: 1362:  for (i = 0; i < state->handCount[player]; i++)
        -: 1363:    {
      680: 1364:      if (state->hand[player][i] == copper)
        -: 1365:	{
      463: 1366:	  state->coins += 1;
        -: 1367:	}
      217: 1368:      else if (state->hand[player][i] == silver)
        -: 1369:	{
        6: 1370:	  state->coins += 2;
        -: 1371:	}
      211: 1372:      else if (state->hand[player][i] == gold)
        -: 1373:	{
        6: 1374:	  state->coins += 3;
        -: 1375:	}	
        -: 1376:    }	
        -: 1377:
        -: 1378:  //add bonus
      137: 1379:  state->coins += bonus;
        -: 1380:
      137: 1381:  return 0;
        -: 1382:}
        -: 1383:
        -: 1384:
        -: 1385://end of dominion.c
        -: 1386:
